<?xml version="1.0" encoding="UTF-8"?>
<!-- Generated by org.testng.reporters.JUnitReportReporter -->
<testsuite hostname="User-PC" failures="0" tests="1" name="TestScript.AddCarrierTC" time="41.807" errors="0" timestamp="2021-05-05T06:04:56 IST" skipped="0">
  <testcase classname="TestScript.AddCarrierTC" name="addCarrierTC" time="41.807"/>
  <system-out>
    <![CDATA[<a href='\Wrap Portal-2\Screenshot\Add Carrier-05_05_2021_06_03_19.png'><img src='\Wrap Portal-2\Screenshot\Add Carrier-05_05_2021_06_03_19.png' height='100' width='100'/></a>]]>
  </system-out>
</testsuite> <!-- TestScript.AddCarrierTC -->
