<?xml version="1.0" encoding="UTF-8"?>
<!-- Generated by org.testng.reporters.JUnitReportReporter -->
<testsuite hostname="User-PC" failures="0" tests="1" name="TestScript.AddTradeTC" time="22.855" errors="0" timestamp="2021-05-05T06:04:56 IST" skipped="0">
  <testcase classname="TestScript.AddTradeTC" name="addTrade" time="22.855"/>
  <system-out>
    <![CDATA[<a href='\Wrap Portal-2\Screenshot\Add Trade-05_05_2021_06_03_57.png'><img src='\Wrap Portal-2\Screenshot\Add Trade-05_05_2021_06_03_57.png' height='100' width='100'/></a>]]>
  </system-out>
</testsuite> <!-- TestScript.AddTradeTC -->
