<?xml version="1.0" encoding="UTF-8"?>
<!-- Generated by org.testng.reporters.JUnitReportReporter -->
<testsuite hostname="User-PC" failures="0" tests="1" name="TestScript.AddUserTC" time="70.409" errors="0" timestamp="2021-05-05T06:04:56 IST" skipped="0">
  <testcase classname="TestScript.AddUserTC" name="selectUserModule" time="70.409"/>
  <system-out>
    <![CDATA[<a href='\Wrap Portal-2\Screenshot\AddUser-05_05_2021_06_02_12.png'><img src='\Wrap Portal-2\Screenshot\AddUser-05_05_2021_06_02_12.png' height='100' width='100'/></a>]]>
  </system-out>
</testsuite> <!-- TestScript.AddUserTC -->
