<?xml version="1.0" encoding="UTF-8"?>
<!-- Generated by org.testng.reporters.JUnitReportReporter -->
<testsuite hostname="User-PC" failures="0" tests="1" name="TestScript.AddTaskTC" time="52.773" errors="0" timestamp="2021-05-04T21:49:44 IST" skipped="0">
  <testcase classname="TestScript.AddTaskTC" name="Add_Task" time="52.773"/>
  <system-out>
    <![CDATA[<a href='\Wrap Portal-2\Screenshot\AddTaskmodule-04_05_2021_09_49_36.png'><img src='\Wrap Portal-2\Screenshot\AddTaskmodule-04_05_2021_09_49_36.png' height='100' width='100'/></a>]]>
  </system-out>
</testsuite> <!-- TestScript.AddTaskTC -->
