<?xml version="1.0" encoding="UTF-8"?>
<!-- Generated by org.testng.reporters.JUnitReportReporter -->
<testsuite hostname="User-PC" failures="0" tests="1" name="TestScript.AddSponsorTC" time="44.606" errors="0" timestamp="2021-05-04T21:49:44 IST" skipped="0">
  <testcase classname="TestScript.AddSponsorTC" name="addSponsors" time="44.606"/>
  <system-out/>
</testsuite> <!-- TestScript.AddSponsorTC -->
