<?xml version="1.0" encoding="UTF-8"?>
<!-- Generated by org.testng.reporters.JUnitReportReporter -->
<testsuite hostname="User-PC" failures="0" tests="1" name="TestScript.AddDivisonTC" time="39.253" errors="0" timestamp="2021-05-04T21:49:44 IST" skipped="0">
  <testcase classname="TestScript.AddDivisonTC" name="addDivisionTestScript" time="39.253"/>
  <system-out/>
</testsuite> <!-- TestScript.AddDivisonTC -->
